{"D:\\react05052025\\Study\\expressstudy\\controllers\\authController.js": {"path":"D:\\react05052025\\Study\\expressstudy\\controllers\\authController.js","statementMap":{"0":{"start":{"line":1,"column":12},"end":{"line":1,"column":35}},"1":{"start":{"line":2,"column":24},"end":{"line":2,"column":56}},"2":{"start":{"line":4,"column":14},"end":{"line":4,"column":16}},"3":{"start":{"line":5,"column":14},"end":{"line":5,"column":16}},"4":{"start":{"line":8,"column":2},"end":{"line":23,"column":3}},"5":{"start":{"line":9,"column":35},"end":{"line":9,"column":43}},"6":{"start":{"line":10,"column":4},"end":{"line":12,"column":5}},"7":{"start":{"line":11,"column":6},"end":{"line":11,"column":77}},"8":{"start":{"line":14,"column":4},"end":{"line":16,"column":5}},"9":{"start":{"line":14,"column":24},"end":{"line":14,"column":47}},"10":{"start":{"line":15,"column":6},"end":{"line":15,"column":62}},"11":{"start":{"line":18,"column":4},"end":{"line":18,"column":39}},"12":{"start":{"line":19,"column":4},"end":{"line":19,"column":25}},"13":{"start":{"line":20,"column":4},"end":{"line":20,"column":46}},"14":{"start":{"line":22,"column":4},"end":{"line":22,"column":14}},"15":{"start":{"line":27,"column":2},"end":{"line":38,"column":3}},"16":{"start":{"line":28,"column":35},"end":{"line":28,"column":43}},"17":{"start":{"line":29,"column":17},"end":{"line":29,"column":84}},"18":{"start":{"line":29,"column":33},"end":{"line":29,"column":83}},"19":{"start":{"line":30,"column":4},"end":{"line":32,"column":5}},"20":{"start":{"line":31,"column":6},"end":{"line":31,"column":56}},"21":{"start":{"line":34,"column":18},"end":{"line":34,"column":73}},"22":{"start":{"line":35,"column":4},"end":{"line":35,"column":36}},"23":{"start":{"line":37,"column":4},"end":{"line":37,"column":14}},"24":{"start":{"line":42,"column":2},"end":{"line":42,"column":37}},"25":{"start":{"line":45,"column":0},"end":{"line":45,"column":50}}},"fnMap":{"0":{"name":"signup","decl":{"start":{"line":7,"column":9},"end":{"line":7,"column":15}},"loc":{"start":{"line":7,"column":32},"end":{"line":24,"column":1}},"line":7},"1":{"name":"(anonymous_1)","decl":{"start":{"line":14,"column":19},"end":{"line":14,"column":20}},"loc":{"start":{"line":14,"column":24},"end":{"line":14,"column":47}},"line":14},"2":{"name":"login","decl":{"start":{"line":26,"column":9},"end":{"line":26,"column":14}},"loc":{"start":{"line":26,"column":31},"end":{"line":39,"column":1}},"line":26},"3":{"name":"(anonymous_3)","decl":{"start":{"line":29,"column":28},"end":{"line":29,"column":29}},"loc":{"start":{"line":29,"column":33},"end":{"line":29,"column":83}},"line":29},"4":{"name":"logout","decl":{"start":{"line":41,"column":9},"end":{"line":41,"column":15}},"loc":{"start":{"line":41,"column":26},"end":{"line":43,"column":1}},"line":41}},"branchMap":{"0":{"loc":{"start":{"line":10,"column":4},"end":{"line":12,"column":5}},"type":"if","locations":[{"start":{"line":10,"column":4},"end":{"line":12,"column":5}},{"start":{},"end":{}}],"line":10},"1":{"loc":{"start":{"line":10,"column":8},"end":{"line":10,"column":30}},"type":"binary-expr","locations":[{"start":{"line":10,"column":8},"end":{"line":10,"column":17}},{"start":{"line":10,"column":21},"end":{"line":10,"column":30}}],"line":10},"2":{"loc":{"start":{"line":14,"column":4},"end":{"line":16,"column":5}},"type":"if","locations":[{"start":{"line":14,"column":4},"end":{"line":16,"column":5}},{"start":{},"end":{}}],"line":14},"3":{"loc":{"start":{"line":29,"column":33},"end":{"line":29,"column":83}},"type":"binary-expr","locations":[{"start":{"line":29,"column":33},"end":{"line":29,"column":56}},{"start":{"line":29,"column":60},"end":{"line":29,"column":83}}],"line":29},"4":{"loc":{"start":{"line":30,"column":4},"end":{"line":32,"column":5}},"type":"if","locations":[{"start":{"line":30,"column":4},"end":{"line":32,"column":5}},{"start":{},"end":{}}],"line":30}},"s":{"0":1,"1":1,"2":1,"3":1,"4":2,"5":2,"6":2,"7":1,"8":1,"9":0,"10":0,"11":1,"12":1,"13":1,"14":1,"15":0,"16":0,"17":0,"18":0,"19":0,"20":0,"21":0,"22":0,"23":0,"24":0,"25":1},"f":{"0":2,"1":0,"2":0,"3":0,"4":0},"b":{"0":[1,1],"1":[2,1],"2":[0,1],"3":[0,0],"4":[0,0]},"_coverageSchema":"1a1c01bbd47fc00a2c39e90264f33305004495a9","hash":"529bf5b8a48293e93dcd639d372fcf3615232513"}
,"D:\\react05052025\\Study\\expressstudy\\errors\\CustomError.js": {"path":"D:\\react05052025\\Study\\expressstudy\\errors\\CustomError.js","statementMap":{"0":{"start":{"line":3,"column":6},"end":{"line":3,"column":21}},"1":{"start":{"line":4,"column":6},"end":{"line":4,"column":35}},"2":{"start":{"line":5,"column":6},"end":{"line":5,"column":34}},"3":{"start":{"line":6,"column":6},"end":{"line":6,"column":29}},"4":{"start":{"line":10,"column":2},"end":{"line":10,"column":35}}},"fnMap":{"0":{"name":"(anonymous_0)","decl":{"start":{"line":2,"column":4},"end":{"line":2,"column":5}},"loc":{"start":{"line":2,"column":60},"end":{"line":7,"column":5}},"line":2}},"branchMap":{"0":{"loc":{"start":{"line":2,"column":25},"end":{"line":2,"column":41}},"type":"default-arg","locations":[{"start":{"line":2,"column":38},"end":{"line":2,"column":41}}],"line":2},"1":{"loc":{"start":{"line":2,"column":43},"end":{"line":2,"column":58}},"type":"default-arg","locations":[{"start":{"line":2,"column":53},"end":{"line":2,"column":58}}],"line":2}},"s":{"0":3,"1":3,"2":3,"3":3,"4":3},"f":{"0":3},"b":{"0":[0],"1":[1]},"_coverageSchema":"1a1c01bbd47fc00a2c39e90264f33305004495a9","hash":"c6dccddd103211eb14e6fb76c38e9d03c8ff26a1"}
,"D:\\react05052025\\Study\\expressstudy\\middlewares\\errorHandler.js": {"path":"D:\\react05052025\\Study\\expressstudy\\middlewares\\errorHandler.js","statementMap":{"0":{"start":{"line":1,"column":24},"end":{"line":1,"column":56}},"1":{"start":{"line":4,"column":2},"end":{"line":13,"column":3}},"2":{"start":{"line":5,"column":4},"end":{"line":11,"column":5}},"3":{"start":{"line":6,"column":6},"end":{"line":10,"column":19}},"4":{"start":{"line":12,"column":4},"end":{"line":12,"column":67}},"5":{"start":{"line":15,"column":2},"end":{"line":15,"column":46}},"6":{"start":{"line":16,"column":2},"end":{"line":16,"column":81}},"7":{"start":{"line":19,"column":0},"end":{"line":19,"column":34}}},"fnMap":{"0":{"name":"errorHandler","decl":{"start":{"line":3,"column":9},"end":{"line":3,"column":21}},"loc":{"start":{"line":3,"column":43},"end":{"line":17,"column":1}},"line":3}},"branchMap":{"0":{"loc":{"start":{"line":4,"column":2},"end":{"line":13,"column":3}},"type":"if","locations":[{"start":{"line":4,"column":2},"end":{"line":13,"column":3}},{"start":{},"end":{}}],"line":4},"1":{"loc":{"start":{"line":5,"column":4},"end":{"line":11,"column":5}},"type":"if","locations":[{"start":{"line":5,"column":4},"end":{"line":11,"column":5}},{"start":{},"end":{}}],"line":5}},"s":{"0":1,"1":2,"2":1,"3":0,"4":1,"5":1,"6":1,"7":1},"f":{"0":2},"b":{"0":[1,1],"1":[0,1]},"_coverageSchema":"1a1c01bbd47fc00a2c39e90264f33305004495a9","hash":"e919b9d60c83d5b3bacad8335f407fa9918f7a4e"}
}
