TN:
SF:controllers\authController.js
FN:7,signup
FN:14,(anonymous_1)
FN:26,login
FN:29,(anonymous_3)
FN:41,logout
FNF:5
FNH:1
FNDA:2,signup
FNDA:0,(anonymous_1)
FNDA:0,login
FNDA:0,(anonymous_3)
FNDA:0,logout
DA:1,1
DA:2,1
DA:4,1
DA:5,1
DA:8,2
DA:9,2
DA:10,2
DA:11,1
DA:14,1
DA:15,0
DA:18,1
DA:19,1
DA:20,1
DA:22,1
DA:27,0
DA:28,0
DA:29,0
DA:30,0
DA:31,0
DA:34,0
DA:35,0
DA:37,0
DA:42,0
DA:45,1
LF:24
LH:14
BRDA:10,0,0,1
BRDA:10,0,1,1
BRDA:10,1,0,2
BRDA:10,1,1,1
BRDA:14,2,0,0
BRDA:14,2,1,1
BRDA:29,3,0,0
BRDA:29,3,1,0
BRDA:30,4,0,0
BRDA:30,4,1,0
BRF:10
BRH:5
end_of_record
TN:
SF:errors\CustomError.js
FN:2,(anonymous_0)
FNF:1
FNH:1
FNDA:3,(anonymous_0)
DA:3,3
DA:4,3
DA:5,3
DA:6,3
DA:10,3
LF:5
LH:5
BRDA:2,0,0,0
BRDA:2,1,0,1
BRF:2
BRH:1
end_of_record
TN:
SF:middlewares\errorHandler.js
FN:3,errorHandler
FNF:1
FNH:1
FNDA:2,errorHandler
DA:1,1
DA:4,2
DA:5,1
DA:6,0
DA:12,1
DA:15,1
DA:16,1
DA:19,1
LF:8
LH:7
BRDA:4,0,0,1
BRDA:4,0,1,1
BRDA:5,1,0,0
BRDA:5,1,1,1
BRF:4
BRH:3
end_of_record
